d:\projects\c++\vs2015\arma2\armadillo\debug\armadillo.bsc
d:\projects\c++\vs2015\armadilloplusplus\debug\armadillo.bsc
d:\projects\c++\vs2015\arma2\armadillo\armadillo\debug\armadillo.pdb
d:\projects\c++\vs2015\arma2\armadillo\armadillo\debug\armadillo.idb
d:\projects\c++\vs2015\arma2\armadillo\armadillo\debug\entitylist.nativecodeanalysis.xml
d:\projects\c++\vs2015\arma2\armadillo\armadillo\debug\physicsconstants.nativecodeanalysis.xml
d:\projects\c++\vs2015\arma2\armadillo\armadillo\debug\physicsentity.nativecodeanalysis.xml
d:\projects\c++\vs2015\arma2\armadillo\armadillo\debug\physicsworld.nativecodeanalysis.xml
d:\projects\c++\vs2015\arma2\armadillo\armadillo\debug\biome.nativecodeanalysis.xml
d:\projects\c++\vs2015\arma2\armadillo\armadillo\debug\direction.nativecodeanalysis.xml
d:\projects\c++\vs2015\arma2\armadillo\armadillo\debug\entity.nativecodeanalysis.xml
d:\projects\c++\vs2015\arma2\armadillo\armadillo\debug\entitytree.nativecodeanalysis.xml
d:\projects\c++\vs2015\arma2\armadillo\armadillo\debug\entitytypes.nativecodeanalysis.xml
d:\projects\c++\vs2015\arma2\armadillo\armadillo\debug\landscape.nativecodeanalysis.xml
d:\projects\c++\vs2015\arma2\armadillo\armadillo\debug\light.nativecodeanalysis.xml
d:\projects\c++\vs2015\arma2\armadillo\armadillo\debug\raycaster.nativecodeanalysis.xml
d:\projects\c++\vs2015\arma2\armadillo\armadillo\debug\seed.nativecodeanalysis.xml
d:\projects\c++\vs2015\arma2\armadillo\armadillo\debug\terrain.nativecodeanalysis.xml
d:\projects\c++\vs2015\arma2\armadillo\armadillo\debug\terrainbuffer.nativecodeanalysis.xml
d:\projects\c++\vs2015\arma2\armadillo\armadillo\debug\terraindata.nativecodeanalysis.xml
d:\projects\c++\vs2015\arma2\armadillo\armadillo\debug\terrainfactory.nativecodeanalysis.xml
d:\projects\c++\vs2015\arma2\armadillo\armadillo\debug\terrainmanager.nativecodeanalysis.xml
d:\projects\c++\vs2015\arma2\armadillo\armadillo\debug\water.nativecodeanalysis.xml
d:\projects\c++\vs2015\arma2\armadillo\armadillo\debug\water.obj
d:\projects\c++\vs2015\arma2\armadillo\armadillo\debug\terrainmanager.obj
d:\projects\c++\vs2015\arma2\armadillo\armadillo\debug\terrainfactory.obj
d:\projects\c++\vs2015\arma2\armadillo\armadillo\debug\terraindata.obj
d:\projects\c++\vs2015\arma2\armadillo\armadillo\debug\terrainbuffer.obj
d:\projects\c++\vs2015\arma2\armadillo\armadillo\debug\terrain.obj
d:\projects\c++\vs2015\arma2\armadillo\armadillo\debug\seed.obj
d:\projects\c++\vs2015\arma2\armadillo\armadillo\debug\raycaster.obj
d:\projects\c++\vs2015\arma2\armadillo\armadillo\debug\light.obj
d:\projects\c++\vs2015\arma2\armadillo\armadillo\debug\landscape.obj
d:\projects\c++\vs2015\arma2\armadillo\armadillo\debug\entitytypes.obj
d:\projects\c++\vs2015\arma2\armadillo\armadillo\debug\entitytree.obj
d:\projects\c++\vs2015\arma2\armadillo\armadillo\debug\entity.obj
d:\projects\c++\vs2015\arma2\armadillo\armadillo\debug\direction.obj
d:\projects\c++\vs2015\arma2\armadillo\armadillo\debug\biome.obj
d:\projects\c++\vs2015\arma2\armadillo\armadillo\debug\physicsworld.obj
d:\projects\c++\vs2015\arma2\armadillo\armadillo\debug\physicsentity.obj
d:\projects\c++\vs2015\arma2\armadillo\armadillo\debug\physicsconstants.obj
d:\projects\c++\vs2015\arma2\armadillo\armadillo\debug\entitylist.obj
d:\projects\c++\vs2015\arma2\armadillo\armadillo\debug\renderer.nativecodeanalysis.xml
d:\projects\c++\vs2015\arma2\armadillo\armadillo\debug\shader.nativecodeanalysis.xml
d:\projects\c++\vs2015\arma2\armadillo\armadillo\debug\shaderfactory.nativecodeanalysis.xml
d:\projects\c++\vs2015\arma2\armadillo\armadillo\debug\shaderloader.nativecodeanalysis.xml
d:\projects\c++\vs2015\arma2\armadillo\armadillo\debug\skybox.nativecodeanalysis.xml
d:\projects\c++\vs2015\arma2\armadillo\armadillo\debug\texture.nativecodeanalysis.xml
d:\projects\c++\vs2015\arma2\armadillo\armadillo\debug\uniformbuffer.nativecodeanalysis.xml
d:\projects\c++\vs2015\arma2\armadillo\armadillo\debug\vertexbuffer.nativecodeanalysis.xml
d:\projects\c++\vs2015\arma2\armadillo\armadillo\debug\view.nativecodeanalysis.xml
d:\projects\c++\vs2015\arma2\armadillo\armadillo\debug\input.nativecodeanalysis.xml
d:\projects\c++\vs2015\arma2\armadillo\armadillo\debug\entitycontrol.nativecodeanalysis.xml
d:\projects\c++\vs2015\arma2\armadillo\armadillo\debug\logger.nativecodeanalysis.xml
d:\projects\c++\vs2015\arma2\armadillo\armadillo\debug\manager.nativecodeanalysis.xml
d:\projects\c++\vs2015\arma2\armadillo\armadillo\debug\mathhelper.nativecodeanalysis.xml
d:\projects\c++\vs2015\arma2\armadillo\armadillo\debug\perlinnoise.nativecodeanalysis.xml
d:\projects\c++\vs2015\arma2\armadillo\armadillo\debug\random.nativecodeanalysis.xml
d:\projects\c++\vs2015\arma2\armadillo\armadillo\debug\stringhelper.nativecodeanalysis.xml
d:\projects\c++\vs2015\arma2\armadillo\armadillo\debug\vectormath.nativecodeanalysis.xml
d:\projects\c++\vs2015\arma2\armadillo\armadillo\debug\osiris.nativecodeanalysis.xml
d:\projects\c++\vs2015\arma2\armadillo\armadillo\debug\projection.nativecodeanalysis.xml
d:\projects\c++\vs2015\arma2\armadillo\armadillo\debug\projection.obj
d:\projects\c++\vs2015\arma2\armadillo\armadillo\debug\osiris.obj
d:\projects\c++\vs2015\arma2\armadillo\armadillo\debug\vectormath.obj
d:\projects\c++\vs2015\arma2\armadillo\armadillo\debug\stringhelper.obj
d:\projects\c++\vs2015\arma2\armadillo\armadillo\debug\random.obj
d:\projects\c++\vs2015\arma2\armadillo\armadillo\debug\perlinnoise.obj
d:\projects\c++\vs2015\arma2\armadillo\armadillo\debug\mathhelper.obj
d:\projects\c++\vs2015\arma2\armadillo\armadillo\debug\manager.obj
d:\projects\c++\vs2015\arma2\armadillo\armadillo\debug\logger.obj
d:\projects\c++\vs2015\arma2\armadillo\armadillo\debug\entitycontrol.obj
d:\projects\c++\vs2015\arma2\armadillo\armadillo\debug\input.obj
d:\projects\c++\vs2015\arma2\armadillo\armadillo\debug\view.obj
d:\projects\c++\vs2015\arma2\armadillo\armadillo\debug\vertexbuffer.obj
d:\projects\c++\vs2015\arma2\armadillo\armadillo\debug\uniformbuffer.obj
d:\projects\c++\vs2015\arma2\armadillo\armadillo\debug\texture.obj
d:\projects\c++\vs2015\arma2\armadillo\armadillo\debug\skybox.obj
d:\projects\c++\vs2015\arma2\armadillo\armadillo\debug\shaderloader.obj
d:\projects\c++\vs2015\arma2\armadillo\armadillo\debug\shaderfactory.obj
d:\projects\c++\vs2015\arma2\armadillo\armadillo\debug\shader.obj
d:\projects\c++\vs2015\arma2\armadillo\armadillo\debug\renderer.obj
d:\projects\c++\vs2015\arma2\armadillo\armadillo\debug\character.nativecodeanalysis.xml
d:\projects\c++\vs2015\arma2\armadillo\armadillo\debug\fontfile.nativecodeanalysis.xml
d:\projects\c++\vs2015\arma2\armadillo\armadillo\debug\colour.nativecodeanalysis.xml
d:\projects\c++\vs2015\arma2\armadillo\armadillo\debug\fermat.nativecodeanalysis.xml
d:\projects\c++\vs2015\arma2\armadillo\armadillo\debug\floatbuffer.nativecodeanalysis.xml
d:\projects\c++\vs2015\arma2\armadillo\armadillo\debug\framebuffer.nativecodeanalysis.xml
d:\projects\c++\vs2015\arma2\armadillo\armadillo\debug\frameeffect.nativecodeanalysis.xml
d:\projects\c++\vs2015\arma2\armadillo\armadillo\debug\indexbuffer.nativecodeanalysis.xml
d:\projects\c++\vs2015\arma2\armadillo\armadillo\debug\lodepng.nativecodeanalysis.xml
d:\projects\c++\vs2015\arma2\armadillo\armadillo\debug\modeldata.nativecodeanalysis.xml
d:\projects\c++\vs2015\arma2\armadillo\armadillo\debug\modeldata.obj
d:\projects\c++\vs2015\arma2\armadillo\armadillo\debug\lodepng.obj
d:\projects\c++\vs2015\arma2\armadillo\armadillo\debug\indexbuffer.obj
d:\projects\c++\vs2015\arma2\armadillo\armadillo\debug\frameeffect.obj
d:\projects\c++\vs2015\arma2\armadillo\armadillo\debug\framebuffer.obj
d:\projects\c++\vs2015\arma2\armadillo\armadillo\debug\floatbuffer.obj
d:\projects\c++\vs2015\arma2\armadillo\armadillo\debug\fermat.obj
d:\projects\c++\vs2015\arma2\armadillo\armadillo\debug\colour.obj
d:\projects\c++\vs2015\arma2\armadillo\armadillo\debug\fontfile.obj
d:\projects\c++\vs2015\arma2\armadillo\armadillo\debug\character.obj
d:\projects\c++\vs2015\arma2\armadillo\armadillo\debug\water.sbr
d:\projects\c++\vs2015\arma2\armadillo\armadillo\debug\terrainmanager.sbr
d:\projects\c++\vs2015\arma2\armadillo\armadillo\debug\terrainfactory.sbr
d:\projects\c++\vs2015\arma2\armadillo\armadillo\debug\terraindata.sbr
d:\projects\c++\vs2015\arma2\armadillo\armadillo\debug\terrainbuffer.sbr
d:\projects\c++\vs2015\arma2\armadillo\armadillo\debug\terrain.sbr
d:\projects\c++\vs2015\arma2\armadillo\armadillo\debug\seed.sbr
d:\projects\c++\vs2015\arma2\armadillo\armadillo\debug\raycaster.sbr
d:\projects\c++\vs2015\arma2\armadillo\armadillo\debug\light.sbr
d:\projects\c++\vs2015\arma2\armadillo\armadillo\debug\landscape.sbr
d:\projects\c++\vs2015\arma2\armadillo\armadillo\debug\entitytypes.sbr
d:\projects\c++\vs2015\arma2\armadillo\armadillo\debug\entitytree.sbr
d:\projects\c++\vs2015\arma2\armadillo\armadillo\debug\entity.sbr
d:\projects\c++\vs2015\arma2\armadillo\armadillo\debug\direction.sbr
d:\projects\c++\vs2015\arma2\armadillo\armadillo\debug\biome.sbr
d:\projects\c++\vs2015\arma2\armadillo\armadillo\debug\renderer_ts.sbr
d:\projects\c++\vs2015\arma2\armadillo\armadillo\debug\physicsworld.sbr
d:\projects\c++\vs2015\arma2\armadillo\armadillo\debug\physicsentity.sbr
d:\projects\c++\vs2015\arma2\armadillo\armadillo\debug\physicsconstants.sbr
d:\projects\c++\vs2015\arma2\armadillo\armadillo\debug\entitylist.sbr
d:\projects\c++\vs2015\arma2\armadillo\armadillo\debug\projection.sbr
d:\projects\c++\vs2015\arma2\armadillo\armadillo\debug\osiris.sbr
d:\projects\c++\vs2015\arma2\armadillo\armadillo\debug\vectormath.sbr
d:\projects\c++\vs2015\arma2\armadillo\armadillo\debug\stringhelper.sbr
d:\projects\c++\vs2015\arma2\armadillo\armadillo\debug\random.sbr
d:\projects\c++\vs2015\arma2\armadillo\armadillo\debug\perlinnoise.sbr
d:\projects\c++\vs2015\arma2\armadillo\armadillo\debug\mathhelper.sbr
d:\projects\c++\vs2015\arma2\armadillo\armadillo\debug\manager.sbr
d:\projects\c++\vs2015\arma2\armadillo\armadillo\debug\logger.sbr
d:\projects\c++\vs2015\arma2\armadillo\armadillo\debug\entitycontrol.sbr
d:\projects\c++\vs2015\arma2\armadillo\armadillo\debug\input.sbr
d:\projects\c++\vs2015\arma2\armadillo\armadillo\debug\view.sbr
d:\projects\c++\vs2015\arma2\armadillo\armadillo\debug\vertexbuffer.sbr
d:\projects\c++\vs2015\arma2\armadillo\armadillo\debug\uniformbuffer.sbr
d:\projects\c++\vs2015\arma2\armadillo\armadillo\debug\texture.sbr
d:\projects\c++\vs2015\arma2\armadillo\armadillo\debug\skybox.sbr
d:\projects\c++\vs2015\arma2\armadillo\armadillo\debug\shaderloader.sbr
d:\projects\c++\vs2015\arma2\armadillo\armadillo\debug\shaderfactory.sbr
d:\projects\c++\vs2015\arma2\armadillo\armadillo\debug\shader.sbr
d:\projects\c++\vs2015\arma2\armadillo\armadillo\debug\renderer.sbr
d:\projects\c++\vs2015\arma2\armadillo\armadillo\debug\modeldata.sbr
d:\projects\c++\vs2015\arma2\armadillo\armadillo\debug\lodepng.sbr
d:\projects\c++\vs2015\arma2\armadillo\armadillo\debug\indexbuffer.sbr
d:\projects\c++\vs2015\arma2\armadillo\armadillo\debug\frameeffect.sbr
d:\projects\c++\vs2015\arma2\armadillo\armadillo\debug\framebuffer.sbr
d:\projects\c++\vs2015\arma2\armadillo\armadillo\debug\floatbuffer.sbr
d:\projects\c++\vs2015\arma2\armadillo\armadillo\debug\fermat.sbr
d:\projects\c++\vs2015\arma2\armadillo\armadillo\debug\colour.sbr
d:\projects\c++\vs2015\arma2\armadillo\armadillo\debug\fontfile.sbr
d:\projects\c++\vs2015\arma2\armadillo\armadillo\debug\character.sbr
d:\projects\c++\vs2015\arma2\armadillo\armadillo\debug\renderer_ts.obj
d:\projects\c++\vs2015\armadilloplusplus\armadillo\debug\armadillo.pdb
d:\projects\c++\vs2015\armadilloplusplus\armadillo\debug\armadillo.idb
d:\projects\c++\vs2015\armadilloplusplus\armadillo\debug\water.sbr
d:\projects\c++\vs2015\armadilloplusplus\armadillo\debug\terrainmanager.sbr
d:\projects\c++\vs2015\armadilloplusplus\armadillo\debug\terrainfactory.sbr
d:\projects\c++\vs2015\armadilloplusplus\armadillo\debug\terraindata.sbr
d:\projects\c++\vs2015\armadilloplusplus\armadillo\debug\terrainbuffer.sbr
d:\projects\c++\vs2015\armadilloplusplus\armadillo\debug\terrain.sbr
d:\projects\c++\vs2015\armadilloplusplus\armadillo\debug\seed.sbr
d:\projects\c++\vs2015\armadilloplusplus\armadillo\debug\raycaster.sbr
d:\projects\c++\vs2015\armadilloplusplus\armadillo\debug\light.sbr
d:\projects\c++\vs2015\armadilloplusplus\armadillo\debug\landscape.sbr
d:\projects\c++\vs2015\armadilloplusplus\armadillo\debug\entitytypes.sbr
d:\projects\c++\vs2015\armadilloplusplus\armadillo\debug\entitytree.sbr
d:\projects\c++\vs2015\armadilloplusplus\armadillo\debug\entity.sbr
d:\projects\c++\vs2015\armadilloplusplus\armadillo\debug\direction.sbr
d:\projects\c++\vs2015\armadilloplusplus\armadillo\debug\biome.sbr
d:\projects\c++\vs2015\armadilloplusplus\armadillo\debug\renderer_ts.sbr
d:\projects\c++\vs2015\armadilloplusplus\armadillo\debug\physicsworld.sbr
d:\projects\c++\vs2015\armadilloplusplus\armadillo\debug\physicsentity.sbr
d:\projects\c++\vs2015\armadilloplusplus\armadillo\debug\physicsconstants.sbr
d:\projects\c++\vs2015\armadilloplusplus\armadillo\debug\entitylist.sbr
d:\projects\c++\vs2015\armadilloplusplus\armadillo\debug\entitylist.obj
d:\projects\c++\vs2015\armadilloplusplus\armadillo\debug\physicsconstants.obj
d:\projects\c++\vs2015\armadilloplusplus\armadillo\debug\physicsentity.obj
d:\projects\c++\vs2015\armadilloplusplus\armadillo\debug\physicsworld.obj
d:\projects\c++\vs2015\armadilloplusplus\armadillo\debug\renderer_ts.obj
d:\projects\c++\vs2015\armadilloplusplus\armadillo\debug\biome.obj
d:\projects\c++\vs2015\armadilloplusplus\armadillo\debug\direction.obj
d:\projects\c++\vs2015\armadilloplusplus\armadillo\debug\entity.obj
d:\projects\c++\vs2015\armadilloplusplus\armadillo\debug\entitytree.obj
d:\projects\c++\vs2015\armadilloplusplus\armadillo\debug\entitytypes.obj
d:\projects\c++\vs2015\armadilloplusplus\armadillo\debug\landscape.obj
d:\projects\c++\vs2015\armadilloplusplus\armadillo\debug\light.obj
d:\projects\c++\vs2015\armadilloplusplus\armadillo\debug\raycaster.obj
d:\projects\c++\vs2015\armadilloplusplus\armadillo\debug\seed.obj
d:\projects\c++\vs2015\armadilloplusplus\armadillo\debug\terrain.obj
d:\projects\c++\vs2015\armadilloplusplus\armadillo\debug\terrainbuffer.obj
d:\projects\c++\vs2015\armadilloplusplus\armadillo\debug\terraindata.obj
d:\projects\c++\vs2015\armadilloplusplus\armadillo\debug\terrainfactory.obj
d:\projects\c++\vs2015\armadilloplusplus\armadillo\debug\terrainmanager.obj
d:\projects\c++\vs2015\armadilloplusplus\armadillo\debug\water.obj
d:\projects\c++\vs2015\armadilloplusplus\armadillo\debug\projection.sbr
d:\projects\c++\vs2015\armadilloplusplus\armadillo\debug\osiris.sbr
d:\projects\c++\vs2015\armadilloplusplus\armadillo\debug\vectormath.sbr
d:\projects\c++\vs2015\armadilloplusplus\armadillo\debug\stringhelper.sbr
d:\projects\c++\vs2015\armadilloplusplus\armadillo\debug\random.sbr
d:\projects\c++\vs2015\armadilloplusplus\armadillo\debug\perlinnoise.sbr
d:\projects\c++\vs2015\armadilloplusplus\armadillo\debug\mathhelper.sbr
d:\projects\c++\vs2015\armadilloplusplus\armadillo\debug\manager.sbr
d:\projects\c++\vs2015\armadilloplusplus\armadillo\debug\logger.sbr
d:\projects\c++\vs2015\armadilloplusplus\armadillo\debug\entitycontrol.sbr
d:\projects\c++\vs2015\armadilloplusplus\armadillo\debug\input.sbr
d:\projects\c++\vs2015\armadilloplusplus\armadillo\debug\view.sbr
d:\projects\c++\vs2015\armadilloplusplus\armadillo\debug\vertexbuffer.sbr
d:\projects\c++\vs2015\armadilloplusplus\armadillo\debug\uniformbuffer.sbr
d:\projects\c++\vs2015\armadilloplusplus\armadillo\debug\texture.sbr
d:\projects\c++\vs2015\armadilloplusplus\armadillo\debug\skybox.sbr
d:\projects\c++\vs2015\armadilloplusplus\armadillo\debug\shaderloader.sbr
d:\projects\c++\vs2015\armadilloplusplus\armadillo\debug\shaderfactory.sbr
d:\projects\c++\vs2015\armadilloplusplus\armadillo\debug\shader.sbr
d:\projects\c++\vs2015\armadilloplusplus\armadillo\debug\renderer.sbr
d:\projects\c++\vs2015\armadilloplusplus\armadillo\debug\renderer.obj
d:\projects\c++\vs2015\armadilloplusplus\armadillo\debug\shader.obj
d:\projects\c++\vs2015\armadilloplusplus\armadillo\debug\shaderfactory.obj
d:\projects\c++\vs2015\armadilloplusplus\armadillo\debug\shaderloader.obj
d:\projects\c++\vs2015\armadilloplusplus\armadillo\debug\skybox.obj
d:\projects\c++\vs2015\armadilloplusplus\armadillo\debug\texture.obj
d:\projects\c++\vs2015\armadilloplusplus\armadillo\debug\uniformbuffer.obj
d:\projects\c++\vs2015\armadilloplusplus\armadillo\debug\vertexbuffer.obj
d:\projects\c++\vs2015\armadilloplusplus\armadillo\debug\view.obj
d:\projects\c++\vs2015\armadilloplusplus\armadillo\debug\input.obj
d:\projects\c++\vs2015\armadilloplusplus\armadillo\debug\entitycontrol.obj
d:\projects\c++\vs2015\armadilloplusplus\armadillo\debug\logger.obj
d:\projects\c++\vs2015\armadilloplusplus\armadillo\debug\manager.obj
d:\projects\c++\vs2015\armadilloplusplus\armadillo\debug\mathhelper.obj
d:\projects\c++\vs2015\armadilloplusplus\armadillo\debug\perlinnoise.obj
d:\projects\c++\vs2015\armadilloplusplus\armadillo\debug\random.obj
d:\projects\c++\vs2015\armadilloplusplus\armadillo\debug\stringhelper.obj
d:\projects\c++\vs2015\armadilloplusplus\armadillo\debug\vectormath.obj
d:\projects\c++\vs2015\armadilloplusplus\armadillo\debug\osiris.obj
d:\projects\c++\vs2015\armadilloplusplus\armadillo\debug\projection.obj
d:\projects\c++\vs2015\armadilloplusplus\armadillo\debug\modeldata.sbr
d:\projects\c++\vs2015\armadilloplusplus\armadillo\debug\lodepng.sbr
d:\projects\c++\vs2015\armadilloplusplus\armadillo\debug\indexbuffer.sbr
d:\projects\c++\vs2015\armadilloplusplus\armadillo\debug\frameeffect.sbr
d:\projects\c++\vs2015\armadilloplusplus\armadillo\debug\framebuffer.sbr
d:\projects\c++\vs2015\armadilloplusplus\armadillo\debug\floatbuffer.sbr
d:\projects\c++\vs2015\armadilloplusplus\armadillo\debug\fermat.sbr
d:\projects\c++\vs2015\armadilloplusplus\armadillo\debug\colour.sbr
d:\projects\c++\vs2015\armadilloplusplus\armadillo\debug\fontfile.sbr
d:\projects\c++\vs2015\armadilloplusplus\armadillo\debug\character.sbr
d:\projects\c++\vs2015\armadilloplusplus\armadillo\debug\character.obj
d:\projects\c++\vs2015\armadilloplusplus\armadillo\debug\fontfile.obj
d:\projects\c++\vs2015\armadilloplusplus\armadillo\debug\colour.obj
d:\projects\c++\vs2015\armadilloplusplus\armadillo\debug\fermat.obj
d:\projects\c++\vs2015\armadilloplusplus\armadillo\debug\floatbuffer.obj
d:\projects\c++\vs2015\armadilloplusplus\armadillo\debug\framebuffer.obj
d:\projects\c++\vs2015\armadilloplusplus\armadillo\debug\frameeffect.obj
d:\projects\c++\vs2015\armadilloplusplus\armadillo\debug\indexbuffer.obj
d:\projects\c++\vs2015\armadilloplusplus\armadillo\debug\lodepng.obj
d:\projects\c++\vs2015\armadilloplusplus\armadillo\debug\modeldata.obj
d:\projects\c++\vs2015\arma2\armadillo\debug\armadillo.lib
d:\projects\c++\vs2015\armadilloplusplus\debug\armadillo.lib
d:\projects\c++\vs2015\armadilloplusplus\armadillo\debug\biome.nativecodeanalysis.xml
d:\projects\c++\vs2015\armadilloplusplus\armadillo\debug\character.nativecodeanalysis.xml
d:\projects\c++\vs2015\armadilloplusplus\armadillo\debug\colour.nativecodeanalysis.xml
d:\projects\c++\vs2015\armadilloplusplus\armadillo\debug\direction.nativecodeanalysis.xml
d:\projects\c++\vs2015\armadilloplusplus\armadillo\debug\entity.nativecodeanalysis.xml
d:\projects\c++\vs2015\armadilloplusplus\armadillo\debug\entitycontrol.nativecodeanalysis.xml
d:\projects\c++\vs2015\armadilloplusplus\armadillo\debug\entitylist.nativecodeanalysis.xml
d:\projects\c++\vs2015\armadilloplusplus\armadillo\debug\entitytree.nativecodeanalysis.xml
d:\projects\c++\vs2015\armadilloplusplus\armadillo\debug\entitytypes.nativecodeanalysis.xml
d:\projects\c++\vs2015\armadilloplusplus\armadillo\debug\fermat.nativecodeanalysis.xml
d:\projects\c++\vs2015\armadilloplusplus\armadillo\debug\floatbuffer.nativecodeanalysis.xml
d:\projects\c++\vs2015\armadilloplusplus\armadillo\debug\fontfile.nativecodeanalysis.xml
d:\projects\c++\vs2015\armadilloplusplus\armadillo\debug\framebuffer.nativecodeanalysis.xml
d:\projects\c++\vs2015\armadilloplusplus\armadillo\debug\frameeffect.nativecodeanalysis.xml
d:\projects\c++\vs2015\armadilloplusplus\armadillo\debug\indexbuffer.nativecodeanalysis.xml
d:\projects\c++\vs2015\armadilloplusplus\armadillo\debug\input.nativecodeanalysis.xml
d:\projects\c++\vs2015\armadilloplusplus\armadillo\debug\landscape.nativecodeanalysis.xml
d:\projects\c++\vs2015\armadilloplusplus\armadillo\debug\light.nativecodeanalysis.xml
d:\projects\c++\vs2015\armadilloplusplus\armadillo\debug\lodepng.nativecodeanalysis.xml
d:\projects\c++\vs2015\armadilloplusplus\armadillo\debug\logger.nativecodeanalysis.xml
d:\projects\c++\vs2015\armadilloplusplus\armadillo\debug\manager.nativecodeanalysis.xml
d:\projects\c++\vs2015\armadilloplusplus\armadillo\debug\mathhelper.nativecodeanalysis.xml
d:\projects\c++\vs2015\armadilloplusplus\armadillo\debug\modeldata.nativecodeanalysis.xml
d:\projects\c++\vs2015\armadilloplusplus\armadillo\debug\osiris.nativecodeanalysis.xml
d:\projects\c++\vs2015\armadilloplusplus\armadillo\debug\perlinnoise.nativecodeanalysis.xml
d:\projects\c++\vs2015\armadilloplusplus\armadillo\debug\physicsconstants.nativecodeanalysis.xml
d:\projects\c++\vs2015\armadilloplusplus\armadillo\debug\physicsentity.nativecodeanalysis.xml
d:\projects\c++\vs2015\armadilloplusplus\armadillo\debug\physicsworld.nativecodeanalysis.xml
d:\projects\c++\vs2015\armadilloplusplus\armadillo\debug\projection.nativecodeanalysis.xml
d:\projects\c++\vs2015\armadilloplusplus\armadillo\debug\random.nativecodeanalysis.xml
d:\projects\c++\vs2015\armadilloplusplus\armadillo\debug\raycaster.nativecodeanalysis.xml
d:\projects\c++\vs2015\armadilloplusplus\armadillo\debug\renderer.nativecodeanalysis.xml
d:\projects\c++\vs2015\armadilloplusplus\armadillo\debug\seed.nativecodeanalysis.xml
d:\projects\c++\vs2015\armadilloplusplus\armadillo\debug\shader.nativecodeanalysis.xml
d:\projects\c++\vs2015\armadilloplusplus\armadillo\debug\shaderfactory.nativecodeanalysis.xml
d:\projects\c++\vs2015\armadilloplusplus\armadillo\debug\shaderloader.nativecodeanalysis.xml
d:\projects\c++\vs2015\armadilloplusplus\armadillo\debug\skybox.nativecodeanalysis.xml
d:\projects\c++\vs2015\armadilloplusplus\armadillo\debug\stringhelper.nativecodeanalysis.xml
d:\projects\c++\vs2015\armadilloplusplus\armadillo\debug\terrain.nativecodeanalysis.xml
d:\projects\c++\vs2015\armadilloplusplus\armadillo\debug\terrainbuffer.nativecodeanalysis.xml
d:\projects\c++\vs2015\armadilloplusplus\armadillo\debug\terraindata.nativecodeanalysis.xml
d:\projects\c++\vs2015\armadilloplusplus\armadillo\debug\terrainfactory.nativecodeanalysis.xml
d:\projects\c++\vs2015\armadilloplusplus\armadillo\debug\terrainmanager.nativecodeanalysis.xml
d:\projects\c++\vs2015\armadilloplusplus\armadillo\debug\texture.nativecodeanalysis.xml
d:\projects\c++\vs2015\armadilloplusplus\armadillo\debug\uniformbuffer.nativecodeanalysis.xml
d:\projects\c++\vs2015\armadilloplusplus\armadillo\debug\vectormath.nativecodeanalysis.xml
d:\projects\c++\vs2015\armadilloplusplus\armadillo\debug\vertexbuffer.nativecodeanalysis.xml
d:\projects\c++\vs2015\armadilloplusplus\armadillo\debug\view.nativecodeanalysis.xml
d:\projects\c++\vs2015\armadilloplusplus\armadillo\debug\water.nativecodeanalysis.xml
d:\projects\c++\vs2015\armadilloplusplus\debug\armadillo.pdb
d:\projects\c++\vs2015\armadilloplusplus\armadillo\debug\armadillo.tlog\bscmake.command.1.tlog
d:\projects\c++\vs2015\armadilloplusplus\armadillo\debug\armadillo.tlog\bscmake.read.1.tlog
d:\projects\c++\vs2015\armadilloplusplus\armadillo\debug\armadillo.tlog\bscmake.write.1.tlog
d:\projects\c++\vs2015\armadilloplusplus\armadillo\debug\armadillo.tlog\cl.command.1.tlog
d:\projects\c++\vs2015\armadilloplusplus\armadillo\debug\armadillo.tlog\cl.read.1.tlog
d:\projects\c++\vs2015\armadilloplusplus\armadillo\debug\armadillo.tlog\cl.write.1.tlog
d:\projects\c++\vs2015\armadilloplusplus\armadillo\debug\armadillo.tlog\lib-link.read.1.tlog
d:\projects\c++\vs2015\armadilloplusplus\armadillo\debug\armadillo.tlog\lib-link.write.1.tlog
d:\projects\c++\vs2015\armadilloplusplus\armadillo\debug\armadillo.tlog\lib.command.1.tlog
