d:\projects\c++\vs2015\arma2\armadillo\debug\naturamali.bsc
d:\projects\c++\vs2015\armadilloplusplus\debug\naturamali.bsc
d:\projects\c++\vs2015\arma2\armadillo\naturamali\debug\vc140.pdb
d:\projects\c++\vs2015\arma2\armadillo\naturamali\debug\vc140.idb
d:\projects\c++\vs2015\arma2\armadillo\naturamali\debug\natura.nativecodeanalysis.xml
d:\projects\c++\vs2015\arma2\armadillo\naturamali\debug\orion.nativecodeanalysis.xml
d:\projects\c++\vs2015\arma2\armadillo\naturamali\debug\orion.obj
d:\projects\c++\vs2015\arma2\armadillo\naturamali\debug\natura.obj
d:\projects\c++\vs2015\arma2\armadillo\naturamali\debug\orion.sbr
d:\projects\c++\vs2015\arma2\armadillo\naturamali\debug\natura.sbr
d:\projects\c++\vs2015\armadilloplusplus\naturamali\debug\vc140.pdb
d:\projects\c++\vs2015\armadilloplusplus\naturamali\debug\vc140.idb
d:\projects\c++\vs2015\armadilloplusplus\naturamali\debug\orion.sbr
d:\projects\c++\vs2015\armadilloplusplus\naturamali\debug\natura.sbr
d:\projects\c++\vs2015\armadilloplusplus\naturamali\debug\natura.obj
d:\projects\c++\vs2015\armadilloplusplus\naturamali\debug\orion.obj
d:\projects\c++\vs2015\arma2\armadillo\debug\naturamali.ilk
d:\projects\c++\vs2015\arma2\armadillo\debug\naturamali.exe
d:\projects\c++\vs2015\arma2\armadillo\debug\naturamali.pdb
d:\projects\c++\vs2015\armadilloplusplus\debug\naturamali.ilk
d:\projects\c++\vs2015\armadilloplusplus\debug\naturamali.exe
d:\projects\c++\vs2015\armadilloplusplus\debug\naturamali.pdb
d:\projects\c++\vs2015\armadilloplusplus\naturamali\debug\natura.nativecodeanalysis.xml
d:\projects\c++\vs2015\armadilloplusplus\naturamali\debug\orion.nativecodeanalysis.xml
d:\projects\c++\vs2015\armadilloplusplus\naturamali\debug\naturamali.tlog\bscmake.command.1.tlog
d:\projects\c++\vs2015\armadilloplusplus\naturamali\debug\naturamali.tlog\bscmake.read.1.tlog
d:\projects\c++\vs2015\armadilloplusplus\naturamali\debug\naturamali.tlog\bscmake.write.1.tlog
d:\projects\c++\vs2015\armadilloplusplus\naturamali\debug\naturamali.tlog\cl.command.1.tlog
d:\projects\c++\vs2015\armadilloplusplus\naturamali\debug\naturamali.tlog\cl.read.1.tlog
d:\projects\c++\vs2015\armadilloplusplus\naturamali\debug\naturamali.tlog\cl.write.1.tlog
d:\projects\c++\vs2015\armadilloplusplus\naturamali\debug\naturamali.tlog\link.command.1.tlog
d:\projects\c++\vs2015\armadilloplusplus\naturamali\debug\naturamali.tlog\link.read.1.tlog
d:\projects\c++\vs2015\armadilloplusplus\naturamali\debug\naturamali.tlog\link.write.1.tlog
